2024-06-07T21:55:11.105-03:00  INFO 18148 --- [restartedMain] com.objetivo.ObjetivoApplication         : Starting ObjetivoApplication using Java 21.0.2 with PID 18148 (C:\eclipse-workspace\objetivo\target\classes started by carmelito.benali in C:\eclipse-workspace\objetivo)
2024-06-07T21:55:11.118-03:00  INFO 18148 --- [restartedMain] com.objetivo.ObjetivoApplication         : The following 1 profile is active: "dev"
2024-06-07T21:55:11.178-03:00  INFO 18148 --- [restartedMain] .e.DevToolsPropertyDefaultsPostProcessor : Devtools property defaults active! Set 'spring.devtools.add-properties' to 'false' to disable
2024-06-07T21:55:12.036-03:00  INFO 18148 --- [restartedMain] .s.d.r.c.RepositoryConfigurationDelegate : Bootstrapping Spring Data JPA repositories in DEFAULT mode.
2024-06-07T21:55:12.113-03:00  INFO 18148 --- [restartedMain] .s.d.r.c.RepositoryConfigurationDelegate : Finished Spring Data repository scanning in 68 ms. Found 2 JPA repository interfaces.
2024-06-07T21:55:12.903-03:00  INFO 18148 --- [restartedMain] o.s.b.w.embedded.tomcat.TomcatWebServer  : Tomcat initialized with port 8080 (http)
2024-06-07T21:55:12.914-03:00  INFO 18148 --- [restartedMain] o.apache.catalina.core.StandardService   : Starting service [Tomcat]
2024-06-07T21:55:12.914-03:00  INFO 18148 --- [restartedMain] o.apache.catalina.core.StandardEngine    : Starting Servlet engine: [Apache Tomcat/10.1.18]
2024-06-07T21:55:12.970-03:00  INFO 18148 --- [restartedMain] o.a.c.c.C.[Tomcat].[localhost].[/]       : Initializing Spring embedded WebApplicationContext
2024-06-07T21:55:12.971-03:00  INFO 18148 --- [restartedMain] w.s.c.ServletWebServerApplicationContext : Root WebApplicationContext: initialization completed in 1793 ms
2024-06-07T21:55:13.009-03:00  INFO 18148 --- [restartedMain] com.zaxxer.hikari.HikariDataSource       : HikariPool-1 - Starting...
2024-06-07T21:55:13.158-03:00  INFO 18148 --- [restartedMain] com.zaxxer.hikari.pool.HikariPool        : HikariPool-1 - Added connection org.postgresql.jdbc.PgConnection@5f97c5fa
2024-06-07T21:55:13.159-03:00  INFO 18148 --- [restartedMain] com.zaxxer.hikari.HikariDataSource       : HikariPool-1 - Start completed.
2024-06-07T21:55:13.168-03:00  INFO 18148 --- [restartedMain] o.s.b.a.h2.H2ConsoleAutoConfiguration    : H2 console available at '/h2-console'. Database available at 'jdbc:postgresql://localhost:5432/objetivo'
2024-06-07T21:55:13.183-03:00 DEBUG 18148 --- [restartedMain] o.s.b.w.s.ServletContextInitializerBeans : Mapping filters: characterEncodingFilter urls=[/*] order=-2147483648, formContentFilter urls=[/*] order=-9900, requestContextFilter urls=[/*] order=-105
2024-06-07T21:55:13.184-03:00 DEBUG 18148 --- [restartedMain] o.s.b.w.s.ServletContextInitializerBeans : Mapping servlets: dispatcherServlet urls=[/], h2Console urls=[/h2-console/*]
2024-06-07T21:55:13.358-03:00  INFO 18148 --- [restartedMain] o.hibernate.jpa.internal.util.LogHelper  : HHH000204: Processing PersistenceUnitInfo [name: default]
2024-06-07T21:55:13.489-03:00  INFO 18148 --- [restartedMain] org.hibernate.Version                    : HHH000412: Hibernate ORM core version 6.4.1.Final
2024-06-07T21:55:13.539-03:00  INFO 18148 --- [restartedMain] o.h.c.internal.RegionFactoryInitiator    : HHH000026: Second-level cache disabled
2024-06-07T21:55:13.854-03:00  INFO 18148 --- [restartedMain] o.s.o.j.p.SpringPersistenceUnitInfo      : No LoadTimeWeaver setup: ignoring JPA class transformer
2024-06-07T21:55:13.944-03:00  WARN 18148 --- [restartedMain] org.hibernate.dialect.Dialect            : HHH000511: The 9.6.0 version for [org.hibernate.dialect.PostgreSQLDialect] is no longer supported, hence certain features may not work properly. The minimum supported version is 12.0.0. Check the community dialects project for available legacy versions.
2024-06-07T21:55:14.861-03:00  INFO 18148 --- [restartedMain] o.h.e.t.j.p.i.JtaPlatformInitiator       : HHH000489: No JTA platform available (set 'hibernate.transaction.jta.platform' to enable JTA platform integration)
2024-06-07T21:55:14.944-03:00  INFO 18148 --- [restartedMain] j.LocalContainerEntityManagerFactoryBean : Initialized JPA EntityManagerFactory for persistence unit 'default'
2024-06-07T21:55:15.278-03:00  INFO 18148 --- [restartedMain] o.s.d.j.r.query.QueryEnhancerFactory     : Hibernate is in classpath; If applicable, HQL parser will be used.
2024-06-07T21:55:15.531-03:00  WARN 18148 --- [restartedMain] JpaBaseConfiguration$JpaWebConfiguration : spring.jpa.open-in-view is enabled by default. Therefore, database queries may be performed during view rendering. Explicitly configure spring.jpa.open-in-view to disable this warning
2024-06-07T21:55:15.637-03:00 DEBUG 18148 --- [restartedMain] s.w.s.m.m.a.RequestMappingHandlerMapping : 14 mappings in 'requestMappingHandlerMapping'
2024-06-07T21:55:15.717-03:00 DEBUG 18148 --- [restartedMain] o.s.w.s.handler.SimpleUrlHandlerMapping  : Patterns [/webjars/**, /**] in 'resourceHandlerMapping'
2024-06-07T21:55:15.763-03:00 DEBUG 18148 --- [restartedMain] s.w.s.m.m.a.RequestMappingHandlerAdapter : ControllerAdvice beans: 0 @ModelAttribute, 0 @InitBinder, 1 RequestBodyAdvice, 1 ResponseBodyAdvice
2024-06-07T21:55:15.804-03:00 DEBUG 18148 --- [restartedMain] .m.m.a.ExceptionHandlerExceptionResolver : ControllerAdvice beans: 0 @ExceptionHandler, 1 ResponseBodyAdvice
2024-06-07T21:55:15.949-03:00  INFO 18148 --- [restartedMain] o.s.b.d.a.OptionalLiveReloadServer       : LiveReload server is running on port 35729
2024-06-07T21:55:15.991-03:00  INFO 18148 --- [restartedMain] o.s.b.w.embedded.tomcat.TomcatWebServer  : Tomcat started on port 8080 (http) with context path ''
2024-06-07T21:55:16.003-03:00  INFO 18148 --- [restartedMain] com.objetivo.ObjetivoApplication         : Started ObjetivoApplication in 5.363 seconds (process running for 6.057)
2024-06-07T21:55:16.007-03:00  INFO 18148 --- [restartedMain] com.objetivo.profiles.ConfigDev          : Profile active is DEV!!!
